0 info it worked if it ends with ok
1 verbose cli [ '/usr/bin/node',
1 verbose cli   '/usr/bin/npm',
1 verbose cli   'install',
1 verbose cli   'grunt-php-unit',
1 verbose cli   '--save-dev' ]
2 info using npm@1.4.28
3 info using node@v0.10.33
4 verbose node symlink /usr/bin/node
5 warn package.json ASU-Wordpress-Web-Standards-Theme@ No description
6 warn package.json ASU-Wordpress-Web-Standards-Theme@ No README data
7 verbose readDependencies using package.json deps
8 verbose cache add [ 'grunt-php-unit', null ]
9 verbose cache add name=undefined spec="grunt-php-unit" args=["grunt-php-unit",null]
10 verbose parsed url { protocol: null,
10 verbose parsed url   slashes: null,
10 verbose parsed url   auth: null,
10 verbose parsed url   host: null,
10 verbose parsed url   port: null,
10 verbose parsed url   hostname: null,
10 verbose parsed url   hash: null,
10 verbose parsed url   search: null,
10 verbose parsed url   query: null,
10 verbose parsed url   pathname: 'grunt-php-unit',
10 verbose parsed url   path: 'grunt-php-unit',
10 verbose parsed url   href: 'grunt-php-unit' }
11 silly lockFile 6c2a9db8-grunt-php-unit grunt-php-unit
12 verbose lock grunt-php-unit /home/wordpresstesting/.npm/6c2a9db8-grunt-php-unit.lock
13 silly lockFile 6c2a9db8-grunt-php-unit grunt-php-unit
14 silly lockFile 6c2a9db8-grunt-php-unit grunt-php-unit
15 verbose addNamed [ 'grunt-php-unit', '' ]
16 verbose addNamed [ null, '*' ]
17 silly lockFile 6b117cdd-grunt-php-unit grunt-php-unit@
18 verbose lock grunt-php-unit@ /home/wordpresstesting/.npm/6b117cdd-grunt-php-unit.lock
19 silly addNameRange { name: 'grunt-php-unit', range: '*', hasData: false }
20 verbose request where is /grunt-php-unit
21 verbose request registry https://registry.npmjs.org/
22 verbose request id 8672a84e514506eb
23 verbose url raw /grunt-php-unit
24 verbose url resolving [ 'https://registry.npmjs.org/', './grunt-php-unit' ]
25 verbose url resolved https://registry.npmjs.org/grunt-php-unit
26 verbose request where is https://registry.npmjs.org/grunt-php-unit
27 info trying registry request attempt 1 at 12:14:19
28 http GET https://registry.npmjs.org/grunt-php-unit
29 http 404 https://registry.npmjs.org/grunt-php-unit
30 verbose headers { date: 'Wed, 11 Mar 2015 19:14:21 GMT',
30 verbose headers   server: 'CouchDB/1.5.0 (Erlang OTP/R16B03)',
30 verbose headers   'content-type': 'application/json',
30 verbose headers   'cache-control': 'max-age=0',
30 verbose headers   'content-length': '52',
30 verbose headers   'accept-ranges': 'bytes',
30 verbose headers   via: '1.1 varnish',
30 verbose headers   age: '0',
30 verbose headers   'x-served-by': 'cache-lax1425-LAX',
30 verbose headers   'x-cache': 'MISS',
30 verbose headers   'x-cache-hits': '0',
30 verbose headers   'x-timer': 'S1426101261.462283,VS0,VE45',
30 verbose headers   'keep-alive': 'timeout=10, max=50',
30 verbose headers   connection: 'Keep-Alive' }
31 silly registry.get cb [ 404,
31 silly registry.get   { date: 'Wed, 11 Mar 2015 19:14:21 GMT',
31 silly registry.get     server: 'CouchDB/1.5.0 (Erlang OTP/R16B03)',
31 silly registry.get     'content-type': 'application/json',
31 silly registry.get     'cache-control': 'max-age=0',
31 silly registry.get     'content-length': '52',
31 silly registry.get     'accept-ranges': 'bytes',
31 silly registry.get     via: '1.1 varnish',
31 silly registry.get     age: '0',
31 silly registry.get     'x-served-by': 'cache-lax1425-LAX',
31 silly registry.get     'x-cache': 'MISS',
31 silly registry.get     'x-cache-hits': '0',
31 silly registry.get     'x-timer': 'S1426101261.462283,VS0,VE45',
31 silly registry.get     'keep-alive': 'timeout=10, max=50',
31 silly registry.get     connection: 'Keep-Alive' } ]
32 silly lockFile 6b117cdd-grunt-php-unit grunt-php-unit@
33 silly lockFile 6b117cdd-grunt-php-unit grunt-php-unit@
34 error 404 404 Not Found: grunt-php-unit
34 error 404
34 error 404 'grunt-php-unit' is not in the npm registry.
34 error 404 You should bug the author to publish it
34 error 404 It was specified as a dependency of 'ASU-Wordpress-Web-Standards-Theme'
34 error 404
34 error 404 Note that you can also install from a
34 error 404 tarball, folder, or http url, or git url.
35 error System Linux 3.13.0-45-generic
36 error command "/usr/bin/node" "/usr/bin/npm" "install" "grunt-php-unit" "--save-dev"
37 error cwd /var/www/html/wordpress-ms/wp-content/themes/ASU-Web-Standards-Wordpress-Theme/.standards
38 error node -v v0.10.33
39 error npm -v 1.4.28
40 error code E404
41 verbose exit [ 1, true ]
